This file contains any messages produced by compilers while
running configure, to aid debugging if configure makes a mistake.

It was created by telepresence configure 2.1, which was
generated by GNU Autoconf 2.69.  Invocation command line was

  $ ./configure --prefix=/home/demola/tp_inst

## --------- ##
## Platform. ##
## --------- ##

hostname = konferens
uname -m = x86_64
uname -r = 3.13.0-39-generic
uname -s = Linux
uname -v = #66-Ubuntu SMP Tue Oct 28 13:30:27 UTC 2014

/usr/bin/uname -p = unknown
/bin/uname -X     = unknown

/bin/arch              = unknown
/usr/bin/arch -k       = unknown
/usr/convex/getsysinfo = unknown
/usr/bin/hostinfo      = unknown
/bin/machine           = unknown
/usr/bin/oslevel       = unknown
/bin/universe          = unknown

PATH: /usr/local/sbin
PATH: /usr/local/bin
PATH: /usr/sbin
PATH: /usr/bin
PATH: /sbin
PATH: /bin
PATH: /usr/games
PATH: /usr/local/games


## ----------- ##
## Core tests. ##
## ----------- ##

configure:2550: checking for a BSD-compatible install
configure:2618: result: /usr/bin/install -c
configure:2629: checking whether build environment is sane
configure:2684: result: yes
configure:2835: checking for a thread-safe mkdir -p
configure:2874: result: /bin/mkdir -p
configure:2881: checking for gawk
configure:2897: found /usr/bin/gawk
configure:2908: result: gawk
configure:2919: checking whether make sets $(MAKE)
configure:2941: result: yes
configure:2970: checking whether make supports nested variables
configure:2987: result: yes
configure:3165: checking for gcc
configure:3181: found /usr/bin/gcc
configure:3192: result: gcc
configure:3421: checking for C compiler version
configure:3430: gcc --version >&5
gcc (Ubuntu 4.8.2-19ubuntu1) 4.8.2
Copyright (C) 2013 Free Software Foundation, Inc.
This is free software; see the source for copying conditions.  There is NO
warranty; not even for MERCHANTABILITY or FITNESS FOR A PARTICULAR PURPOSE.

configure:3441: $? = 0
configure:3430: gcc -v >&5
Using built-in specs.
COLLECT_GCC=gcc
COLLECT_LTO_WRAPPER=/usr/lib/gcc/x86_64-linux-gnu/4.8/lto-wrapper
Target: x86_64-linux-gnu
Configured with: ../src/configure -v --with-pkgversion='Ubuntu 4.8.2-19ubuntu1' --with-bugurl=file:///usr/share/doc/gcc-4.8/README.Bugs --enable-languages=c,c++,java,go,d,fortran,objc,obj-c++ --prefix=/usr --program-suffix=-4.8 --enable-shared --enable-linker-build-id --libexecdir=/usr/lib --without-included-gettext --enable-threads=posix --with-gxx-include-dir=/usr/include/c++/4.8 --libdir=/usr/lib --enable-nls --with-sysroot=/ --enable-clocale=gnu --enable-libstdcxx-debug --enable-libstdcxx-time=yes --enable-gnu-unique-object --disable-libmudflap --enable-plugin --with-system-zlib --disable-browser-plugin --enable-java-awt=gtk --enable-gtk-cairo --with-java-home=/usr/lib/jvm/java-1.5.0-gcj-4.8-amd64/jre --enable-java-home --with-jvm-root-dir=/usr/lib/jvm/java-1.5.0-gcj-4.8-amd64 --with-jvm-jar-dir=/usr/lib/jvm-exports/java-1.5.0-gcj-4.8-amd64 --with-arch-directory=amd64 --with-ecj-jar=/usr/share/java/eclipse-ecj.jar --enable-objc-gc --enable-multiarch --disable-werror --with-arch-32=i686 --with-abi=m64 --with-multilib-list=m32,m64,mx32 --with-tune=generic --enable-checking=release --build=x86_64-linux-gnu --host=x86_64-linux-gnu --target=x86_64-linux-gnu
Thread model: posix
gcc version 4.8.2 (Ubuntu 4.8.2-19ubuntu1) 
configure:3441: $? = 0
configure:3430: gcc -V >&5
gcc: error: unrecognized command line option '-V'
gcc: fatal error: no input files
compilation terminated.
configure:3441: $? = 4
configure:3430: gcc -qversion >&5
gcc: error: unrecognized command line option '-qversion'
gcc: fatal error: no input files
compilation terminated.
configure:3441: $? = 4
configure:3461: checking whether the C compiler works
configure:3483: gcc    conftest.c  >&5
configure:3487: $? = 0
configure:3535: result: yes
configure:3538: checking for C compiler default output file name
configure:3540: result: a.out
configure:3546: checking for suffix of executables
configure:3553: gcc -o conftest    conftest.c  >&5
configure:3557: $? = 0
configure:3579: result: 
configure:3601: checking whether we are cross compiling
configure:3609: gcc -o conftest    conftest.c  >&5
configure:3613: $? = 0
configure:3620: ./conftest
configure:3624: $? = 0
configure:3639: result: no
configure:3644: checking for suffix of object files
configure:3666: gcc -c   conftest.c >&5
configure:3670: $? = 0
configure:3691: result: o
configure:3695: checking whether we are using the GNU C compiler
configure:3714: gcc -c   conftest.c >&5
configure:3714: $? = 0
configure:3723: result: yes
configure:3732: checking whether gcc accepts -g
configure:3752: gcc -c -g  conftest.c >&5
configure:3752: $? = 0
configure:3793: result: yes
configure:3810: checking for gcc option to accept ISO C89
configure:3873: gcc  -c -g -O2  conftest.c >&5
configure:3873: $? = 0
configure:3886: result: none needed
configure:3911: checking whether gcc understands -c and -o together
configure:3933: gcc -c conftest.c -o conftest2.o
configure:3936: $? = 0
configure:3933: gcc -c conftest.c -o conftest2.o
configure:3936: $? = 0
configure:3948: result: yes
configure:3976: checking for style of include used by make
configure:4004: result: GNU
configure:4030: checking dependency style of gcc
configure:4141: result: gcc3
configure:4214: checking for g++
configure:4230: found /usr/bin/g++
configure:4241: result: g++
configure:4268: checking for C++ compiler version
configure:4277: g++ --version >&5
g++ (Ubuntu 4.8.2-19ubuntu1) 4.8.2
Copyright (C) 2013 Free Software Foundation, Inc.
This is free software; see the source for copying conditions.  There is NO
warranty; not even for MERCHANTABILITY or FITNESS FOR A PARTICULAR PURPOSE.

configure:4288: $? = 0
configure:4277: g++ -v >&5
Using built-in specs.
COLLECT_GCC=g++
COLLECT_LTO_WRAPPER=/usr/lib/gcc/x86_64-linux-gnu/4.8/lto-wrapper
Target: x86_64-linux-gnu
Configured with: ../src/configure -v --with-pkgversion='Ubuntu 4.8.2-19ubuntu1' --with-bugurl=file:///usr/share/doc/gcc-4.8/README.Bugs --enable-languages=c,c++,java,go,d,fortran,objc,obj-c++ --prefix=/usr --program-suffix=-4.8 --enable-shared --enable-linker-build-id --libexecdir=/usr/lib --without-included-gettext --enable-threads=posix --with-gxx-include-dir=/usr/include/c++/4.8 --libdir=/usr/lib --enable-nls --with-sysroot=/ --enable-clocale=gnu --enable-libstdcxx-debug --enable-libstdcxx-time=yes --enable-gnu-unique-object --disable-libmudflap --enable-plugin --with-system-zlib --disable-browser-plugin --enable-java-awt=gtk --enable-gtk-cairo --with-java-home=/usr/lib/jvm/java-1.5.0-gcj-4.8-amd64/jre --enable-java-home --with-jvm-root-dir=/usr/lib/jvm/java-1.5.0-gcj-4.8-amd64 --with-jvm-jar-dir=/usr/lib/jvm-exports/java-1.5.0-gcj-4.8-amd64 --with-arch-directory=amd64 --with-ecj-jar=/usr/share/java/eclipse-ecj.jar --enable-objc-gc --enable-multiarch --disable-werror --with-arch-32=i686 --with-abi=m64 --with-multilib-list=m32,m64,mx32 --with-tune=generic --enable-checking=release --build=x86_64-linux-gnu --host=x86_64-linux-gnu --target=x86_64-linux-gnu
Thread model: posix
gcc version 4.8.2 (Ubuntu 4.8.2-19ubuntu1) 
configure:4288: $? = 0
configure:4277: g++ -V >&5
g++: error: unrecognized command line option '-V'
g++: fatal error: no input files
compilation terminated.
configure:4288: $? = 4
configure:4277: g++ -qversion >&5
g++: error: unrecognized command line option '-qversion'
g++: fatal error: no input files
compilation terminated.
configure:4288: $? = 4
configure:4292: checking whether we are using the GNU C++ compiler
configure:4311: g++ -c   conftest.cpp >&5
configure:4311: $? = 0
configure:4320: result: yes
configure:4329: checking whether g++ accepts -g
configure:4349: g++ -c -g  conftest.cpp >&5
configure:4349: $? = 0
configure:4390: result: yes
configure:4415: checking dependency style of g++
configure:4526: result: gcc3
configure:4545: checking for a sed that does not truncate output
configure:4609: result: /bin/sed
configure:4615: checking whether make sets $(MAKE)
configure:4637: result: yes
configure:4701: checking for pkg-config
configure:4719: found /usr/bin/pkg-config
configure:4731: result: /usr/bin/pkg-config
configure:4756: checking pkg-config is at least version 0.9.0
configure:4759: result: yes
configure:4795: checking how to run the C preprocessor
configure:4826: gcc -E  conftest.c
configure:4826: $? = 0
configure:4840: gcc -E  conftest.c
conftest.c:11:28: fatal error: ac_nonexistent.h: No such file or directory
 #include <ac_nonexistent.h>
                            ^
compilation terminated.
configure:4840: $? = 1
configure: failed program was:
| /* confdefs.h */
| #define PACKAGE_NAME "telepresence"
| #define PACKAGE_TARNAME "telepresence"
| #define PACKAGE_VERSION "2.1"
| #define PACKAGE_STRING "telepresence 2.1"
| #define PACKAGE_BUGREPORT "opentelepresence(at)googlegroups(dot)com"
| #define PACKAGE_URL ""
| #define PACKAGE "telepresence"
| #define VERSION "2.1"
| /* end confdefs.h.  */
| #include <ac_nonexistent.h>
configure:4865: result: gcc -E
configure:4885: gcc -E  conftest.c
configure:4885: $? = 0
configure:4899: gcc -E  conftest.c
conftest.c:11:28: fatal error: ac_nonexistent.h: No such file or directory
 #include <ac_nonexistent.h>
                            ^
compilation terminated.
configure:4899: $? = 1
configure: failed program was:
| /* confdefs.h */
| #define PACKAGE_NAME "telepresence"
| #define PACKAGE_TARNAME "telepresence"
| #define PACKAGE_VERSION "2.1"
| #define PACKAGE_STRING "telepresence 2.1"
| #define PACKAGE_BUGREPORT "opentelepresence(at)googlegroups(dot)com"
| #define PACKAGE_URL ""
| #define PACKAGE "telepresence"
| #define VERSION "2.1"
| /* end confdefs.h.  */
| #include <ac_nonexistent.h>
configure:4928: checking for grep that handles long lines and -e
configure:4986: result: /bin/grep
configure:4991: checking for egrep
configure:5053: result: /bin/grep -E
configure:5058: checking for ANSI C header files
configure:5078: gcc -c -g -O2  conftest.c >&5
configure:5078: $? = 0
configure:5151: gcc -o conftest -g -O2   conftest.c  >&5
configure:5151: $? = 0
configure:5151: ./conftest
configure:5151: $? = 0
configure:5162: result: yes
configure:5175: checking for sys/types.h
configure:5175: gcc -c -g -O2  conftest.c >&5
configure:5175: $? = 0
configure:5175: result: yes
configure:5175: checking for sys/stat.h
configure:5175: gcc -c -g -O2  conftest.c >&5
configure:5175: $? = 0
configure:5175: result: yes
configure:5175: checking for stdlib.h
configure:5175: gcc -c -g -O2  conftest.c >&5
configure:5175: $? = 0
configure:5175: result: yes
configure:5175: checking for string.h
configure:5175: gcc -c -g -O2  conftest.c >&5
configure:5175: $? = 0
configure:5175: result: yes
configure:5175: checking for memory.h
configure:5175: gcc -c -g -O2  conftest.c >&5
configure:5175: $? = 0
configure:5175: result: yes
configure:5175: checking for strings.h
configure:5175: gcc -c -g -O2  conftest.c >&5
configure:5175: $? = 0
configure:5175: result: yes
configure:5175: checking for inttypes.h
configure:5175: gcc -c -g -O2  conftest.c >&5
configure:5175: $? = 0
configure:5175: result: yes
configure:5175: checking for stdint.h
configure:5175: gcc -c -g -O2  conftest.c >&5
configure:5175: $? = 0
configure:5175: result: yes
configure:5175: checking for unistd.h
configure:5175: gcc -c -g -O2  conftest.c >&5
configure:5175: $? = 0
configure:5175: result: yes
configure:5190: checking for unistd.h
configure:5190: result: yes
configure:5190: checking spawn.h usability
configure:5190: gcc -c -g -O2  conftest.c >&5
configure:5190: $? = 0
configure:5190: result: yes
configure:5190: checking spawn.h presence
configure:5190: gcc -E  conftest.c
configure:5190: $? = 0
configure:5190: result: yes
configure:5190: checking for spawn.h
configure:5190: result: yes
configure:5190: checking sys/wait.h usability
configure:5190: gcc -c -g -O2  conftest.c >&5
configure:5190: $? = 0
configure:5190: result: yes
configure:5190: checking sys/wait.h presence
configure:5190: gcc -E  conftest.c
configure:5190: $? = 0
configure:5190: result: yes
configure:5190: checking for sys/wait.h
configure:5190: result: yes
configure:5190: checking errno.h usability
configure:5190: gcc -c -g -O2  conftest.c >&5
configure:5190: $? = 0
configure:5190: result: yes
configure:5190: checking errno.h presence
configure:5190: gcc -E  conftest.c
configure:5190: $? = 0
configure:5190: result: yes
configure:5190: checking for errno.h
configure:5190: result: yes
configure:5200: checking for dlopen in -lc
configure:5234: result: no
configure:5240: checking for dlopen in -ldl
configure:5311: gcc -o conftest -g -O2   conftest.c -ldl   >&5
configure:5311: $? = 0
configure:5320: result: yes
configure:5332: checking for fork
configure:5332: gcc -o conftest -g -O2   conftest.c  >&5
conftest.c:48:6: warning: conflicting types for built-in function 'fork' [enabled by default]
 char fork ();
      ^
configure:5332: $? = 0
configure:5332: result: yes
configure:5332: checking for vfork
configure:5332: gcc -o conftest -g -O2   conftest.c  >&5
configure:5332: $? = 0
configure:5332: result: yes
configure:5332: checking for execl
configure:5332: gcc -o conftest -g -O2   conftest.c  >&5
conftest.c:50:6: warning: conflicting types for built-in function 'execl' [enabled by default]
 char execl ();
      ^
configure:5332: $? = 0
configure:5332: result: yes
configure:5332: checking for posix_spawn
configure:5332: gcc -o conftest -g -O2   conftest.c  >&5
configure:5332: $? = 0
configure:5332: result: yes
configure:5332: checking for waitpid
configure:5332: gcc -o conftest -g -O2   conftest.c  >&5
configure:5332: $? = 0
configure:5332: result: yes
configure:5332: checking for setpgid
configure:5332: gcc -o conftest -g -O2   conftest.c  >&5
configure:5332: $? = 0
configure:5332: result: yes
configure:5332: checking for popen
configure:5332: gcc -o conftest -g -O2   conftest.c  >&5
configure:5332: $? = 0
configure:5332: result: yes
configure:5332: checking for pclose
configure:5332: gcc -o conftest -g -O2   conftest.c  >&5
configure:5332: $? = 0
configure:5332: result: yes
configure:5374: checking for LIBAVCODEC
configure:5381: $PKG_CONFIG --exists --print-errors "libavcodec >= ${LIBAVCODEC_MINVER}"
configure:5384: $? = 0
configure:5398: $PKG_CONFIG --exists --print-errors "libavcodec >= ${LIBAVCODEC_MINVER}"
configure:5401: $? = 0
configure:5441: result: yes
configure:5448: checking for LIBAVFILTER
configure:5455: $PKG_CONFIG --exists --print-errors "libavfilter >= ${LIBAVFILTER_MINVER}"
configure:5458: $? = 0
configure:5472: $PKG_CONFIG --exists --print-errors "libavfilter >= ${LIBAVFILTER_MINVER}"
configure:5475: $? = 0
configure:5515: result: yes
configure:5522: checking for LIBAVFORMAT
configure:5529: $PKG_CONFIG --exists --print-errors "libavformat >= ${LIBAVFORMAT_MINVER}"
configure:5532: $? = 0
configure:5546: $PKG_CONFIG --exists --print-errors "libavformat >= ${LIBAVFORMAT_MINVER}"
configure:5549: $? = 0
configure:5589: result: yes
configure:5596: checking for LIBAVUTIL
configure:5603: $PKG_CONFIG --exists --print-errors "libavutil >= ${LIBAVUTIL_MINVER}"
configure:5606: $? = 0
configure:5620: $PKG_CONFIG --exists --print-errors "libavutil >= ${LIBAVUTIL_MINVER}"
configure:5623: $? = 0
configure:5663: result: yes
configure:5670: checking for LIBSWRESAMPLE
configure:5677: $PKG_CONFIG --exists --print-errors "libswresample >= ${LIBSWRESAMPLE_MINVER}"
configure:5680: $? = 0
configure:5694: $PKG_CONFIG --exists --print-errors "libswresample >= ${LIBSWRESAMPLE_MINVER}"
configure:5697: $? = 0
configure:5737: result: yes
configure:5744: checking for LIBSWSCAL
configure:5751: $PKG_CONFIG --exists --print-errors "libswscale >= ${LIBSWSCAL_MINVER}"
configure:5754: $? = 0
configure:5768: $PKG_CONFIG --exists --print-errors "libswscale >= ${LIBSWSCAL_MINVER}"
configure:5771: $? = 0
configure:5811: result: yes
configure:6237: checking for OPENAL
configure:6244: $PKG_CONFIG --exists --print-errors "openal >= ${OPENAL_MINVER}"
configure:6247: $? = 0
configure:6261: $PKG_CONFIG --exists --print-errors "openal >= ${OPENAL_MINVER}"
configure:6264: $? = 0
configure:6318: result: yes
configure:6430: checking how to run the C++ preprocessor
configure:6457: g++ -E -DUNX -DSAL_UNX -DCPPU_ENV=gcc3 -I/opt/openoffice4/sdk/includecpp -I/opt/openoffice4/sdk/include  conftest.cpp
configure:6457: $? = 0
configure:6471: g++ -E -DUNX -DSAL_UNX -DCPPU_ENV=gcc3 -I/opt/openoffice4/sdk/includecpp -I/opt/openoffice4/sdk/include  conftest.cpp
conftest.cpp:35:28: fatal error: ac_nonexistent.h: No such file or directory
 #include <ac_nonexistent.h>
                            ^
compilation terminated.
configure:6471: $? = 1
configure: failed program was:
| /* confdefs.h */
| #define PACKAGE_NAME "telepresence"
| #define PACKAGE_TARNAME "telepresence"
| #define PACKAGE_VERSION "2.1"
| #define PACKAGE_STRING "telepresence 2.1"
| #define PACKAGE_BUGREPORT "opentelepresence(at)googlegroups(dot)com"
| #define PACKAGE_URL ""
| #define PACKAGE "telepresence"
| #define VERSION "2.1"
| #define STDC_HEADERS 1
| #define HAVE_SYS_TYPES_H 1
| #define HAVE_SYS_STAT_H 1
| #define HAVE_STDLIB_H 1
| #define HAVE_STRING_H 1
| #define HAVE_MEMORY_H 1
| #define HAVE_STRINGS_H 1
| #define HAVE_INTTYPES_H 1
| #define HAVE_STDINT_H 1
| #define HAVE_UNISTD_H 1
| #define HAVE_UNISTD_H 1
| #define HAVE_SPAWN_H 1
| #define HAVE_SYS_WAIT_H 1
| #define HAVE_ERRNO_H 1
| #define HAVE_FORK 1
| #define HAVE_VFORK 1
| #define HAVE_EXECL 1
| #define HAVE_POSIX_SPAWN 1
| #define HAVE_WAITPID 1
| #define HAVE_SETPGID 1
| #define HAVE_POPEN 1
| #define HAVE_PCLOSE 1
| #define HAVE_FFMPEG 1
| #define HAVE_OPENAL 1
| /* end confdefs.h.  */
| #include <ac_nonexistent.h>
configure:6496: result: g++ -E
configure:6516: g++ -E -DUNX -DSAL_UNX -DCPPU_ENV=gcc3 -I/opt/openoffice4/sdk/includecpp -I/opt/openoffice4/sdk/include  conftest.cpp
configure:6516: $? = 0
configure:6530: g++ -E -DUNX -DSAL_UNX -DCPPU_ENV=gcc3 -I/opt/openoffice4/sdk/includecpp -I/opt/openoffice4/sdk/include  conftest.cpp
conftest.cpp:35:28: fatal error: ac_nonexistent.h: No such file or directory
 #include <ac_nonexistent.h>
                            ^
compilation terminated.
configure:6530: $? = 1
configure: failed program was:
| /* confdefs.h */
| #define PACKAGE_NAME "telepresence"
| #define PACKAGE_TARNAME "telepresence"
| #define PACKAGE_VERSION "2.1"
| #define PACKAGE_STRING "telepresence 2.1"
| #define PACKAGE_BUGREPORT "opentelepresence(at)googlegroups(dot)com"
| #define PACKAGE_URL ""
| #define PACKAGE "telepresence"
| #define VERSION "2.1"
| #define STDC_HEADERS 1
| #define HAVE_SYS_TYPES_H 1
| #define HAVE_SYS_STAT_H 1
| #define HAVE_STDLIB_H 1
| #define HAVE_STRING_H 1
| #define HAVE_MEMORY_H 1
| #define HAVE_STRINGS_H 1
| #define HAVE_INTTYPES_H 1
| #define HAVE_STDINT_H 1
| #define HAVE_UNISTD_H 1
| #define HAVE_UNISTD_H 1
| #define HAVE_SPAWN_H 1
| #define HAVE_SYS_WAIT_H 1
| #define HAVE_ERRNO_H 1
| #define HAVE_FORK 1
| #define HAVE_VFORK 1
| #define HAVE_EXECL 1
| #define HAVE_POSIX_SPAWN 1
| #define HAVE_WAITPID 1
| #define HAVE_SETPGID 1
| #define HAVE_POPEN 1
| #define HAVE_PCLOSE 1
| #define HAVE_FFMPEG 1
| #define HAVE_OPENAL 1
| /* end confdefs.h.  */
| #include <ac_nonexistent.h>
configure:6561: checking com/sun/star/bridge/XUnoUrlResolver.hpp usability
configure:6561: g++ -c -g -O2 -DUNX -DSAL_UNX -DCPPU_ENV=gcc3 -I/opt/openoffice4/sdk/includecpp -I/opt/openoffice4/sdk/include  conftest.cpp >&5
configure:6561: $? = 0
configure:6561: result: yes
configure:6561: checking com/sun/star/bridge/XUnoUrlResolver.hpp presence
configure:6561: g++ -E -DUNX -DSAL_UNX -DCPPU_ENV=gcc3 -I/opt/openoffice4/sdk/includecpp -I/opt/openoffice4/sdk/include  conftest.cpp
configure:6561: $? = 0
configure:6561: result: yes
configure:6561: checking for com/sun/star/bridge/XUnoUrlResolver.hpp
configure:6561: result: yes
configure:6566: checking for osl_getProcessWorkingDir in -luno_sal
configure:6638: g++ -o conftest -g -O2 -DUNX -DSAL_UNX -DCPPU_ENV=gcc3 -I/opt/openoffice4/sdk/includecpp -I/opt/openoffice4/sdk/include  -L/opt/openoffice4/sdk/lib  conftest.cpp -luno_sal   >&5
configure:6638: $? = 0
configure:6647: result: yes
configure:6722: checking for TINYSAK
configure:6729: $PKG_CONFIG --exists --print-errors "tinySAK >= ${DOUBANGO_MINVER}"
configure:6732: $? = 0
configure:6746: $PKG_CONFIG --exists --print-errors "tinySAK >= ${DOUBANGO_MINVER}"
configure:6749: $? = 0
configure:6789: result: yes
configure:6796: checking for TINYNET
configure:6803: $PKG_CONFIG --exists --print-errors "tinyNET >= ${DOUBANGO_MINVER}"
configure:6806: $? = 0
configure:6820: $PKG_CONFIG --exists --print-errors "tinyNET >= ${DOUBANGO_MINVER}"
configure:6823: $? = 0
configure:6863: result: yes
configure:6870: checking for TINYHTTP
configure:6877: $PKG_CONFIG --exists --print-errors "tinyHTTP >= ${DOUBANGO_MINVER}"
configure:6880: $? = 0
configure:6894: $PKG_CONFIG --exists --print-errors "tinyHTTP >= ${DOUBANGO_MINVER}"
configure:6897: $? = 0
configure:6937: result: yes
configure:6944: checking for TINYSIP
configure:6951: $PKG_CONFIG --exists --print-errors "tinySIP >= ${DOUBANGO_MINVER}"
configure:6954: $? = 0
configure:6968: $PKG_CONFIG --exists --print-errors "tinySIP >= ${DOUBANGO_MINVER}"
configure:6971: $? = 0
configure:7011: result: yes
configure:7018: checking for TINYDAV
configure:7025: $PKG_CONFIG --exists --print-errors "tinyDAV >= ${DOUBANGO_MINVER}"
configure:7028: $? = 0
configure:7042: $PKG_CONFIG --exists --print-errors "tinyDAV >= ${DOUBANGO_MINVER}"
configure:7045: $? = 0
configure:7085: result: yes
configure:7092: checking for TINYSDP
configure:7099: $PKG_CONFIG --exists --print-errors "tinySDP >= ${DOUBANGO_MINVER}"
configure:7102: $? = 0
configure:7116: $PKG_CONFIG --exists --print-errors "tinySDP >= ${DOUBANGO_MINVER}"
configure:7119: $? = 0
configure:7159: result: yes
configure:7166: checking for TINYBFCP
configure:7173: $PKG_CONFIG --exists --print-errors "tinyBFCP >= ${DOUBANGO_MINVER}"
configure:7176: $? = 0
configure:7190: $PKG_CONFIG --exists --print-errors "tinyBFCP >= ${DOUBANGO_MINVER}"
configure:7193: $? = 0
configure:7233: result: yes
configure:7240: checking for TINYSIGCOMP
configure:7247: $PKG_CONFIG --exists --print-errors "tinySIGCOMP >= ${DOUBANGO_MINVER}"
configure:7250: $? = 0
configure:7264: $PKG_CONFIG --exists --print-errors "tinySIGCOMP >= ${DOUBANGO_MINVER}"
configure:7267: $? = 0
configure:7307: result: yes
configure:7314: checking for TINYMEDIA
configure:7321: $PKG_CONFIG --exists --print-errors "tinyMEDIA >= ${DOUBANGO_MINVER}"
configure:7324: $? = 0
configure:7338: $PKG_CONFIG --exists --print-errors "tinyMEDIA >= ${DOUBANGO_MINVER}"
configure:7341: $? = 0
configure:7381: result: yes
configure:7388: checking for TINYXCAP
configure:7395: $PKG_CONFIG --exists --print-errors "tinyXCAP >= ${DOUBANGO_MINVER}"
configure:7398: $? = 0
configure:7412: $PKG_CONFIG --exists --print-errors "tinyXCAP >= ${DOUBANGO_MINVER}"
configure:7415: $? = 0
configure:7455: result: yes
configure:7462: checking for TINYSMS
configure:7469: $PKG_CONFIG --exists --print-errors "tinySMS >= ${DOUBANGO_MINVER}"
configure:7472: $? = 0
configure:7486: $PKG_CONFIG --exists --print-errors "tinySMS >= ${DOUBANGO_MINVER}"
configure:7489: $? = 0
configure:7529: result: yes
configure:7536: checking for TINYMSRP
configure:7543: $PKG_CONFIG --exists --print-errors "tinyMSRP >= ${DOUBANGO_MINVER}"
configure:7546: $? = 0
configure:7560: $PKG_CONFIG --exists --print-errors "tinyMSRP >= ${DOUBANGO_MINVER}"
configure:7563: $? = 0
configure:7603: result: yes
configure:7610: checking for TINYRTP
configure:7617: $PKG_CONFIG --exists --print-errors "tinyRTP >= ${DOUBANGO_MINVER}"
configure:7620: $? = 0
configure:7634: $PKG_CONFIG --exists --print-errors "tinyRTP >= ${DOUBANGO_MINVER}"
configure:7637: $? = 0
configure:7677: result: yes
configure:7684: checking for TINYIPSEC
configure:7691: $PKG_CONFIG --exists --print-errors "tinyIPSec >= ${DOUBANGO_MINVER}"
configure:7694: $? = 0
configure:7708: $PKG_CONFIG --exists --print-errors "tinyIPSec >= ${DOUBANGO_MINVER}"
configure:7711: $? = 0
configure:7751: result: yes
configure:8764: checking that generated files are newer than configure
configure:8770: result: done
configure:8801: creating ./config.status

## ---------------------- ##
## Running config.status. ##
## ---------------------- ##

This file was extended by telepresence config.status 2.1, which was
generated by GNU Autoconf 2.69.  Invocation command line was

  CONFIG_FILES    = 
  CONFIG_HEADERS  = 
  CONFIG_LINKS    = 
  CONFIG_COMMANDS = 
  $ ./config.status 

on konferens

config.status:963: creating Makefile
config.status:963: creating config.h
config.status:1144: config.h is unchanged
config.status:1192: executing depfiles commands
configure:10171:

**************************************************************************
 				CONGRATULATIONS
**************************************************************************
Target OS:                                     Linux
Target CPU:                                    x86_64
Host setup:                                    
Install prefix:                                /home/demola/tp_inst
Compiler:                                      gcc

OpenAL Soft (3D audio):                        yes

OpenOffice/LibreOffice (Presentaion sharing):  yes

DOUBANGO
     MIN_VER:                                  2.0.1089
     TINYSAK:                                  yes
     TINYNET:                                  yes
     TINYHTTP:                                 yes
     TINYSIP:                                  yes
     TINYDAV:                                  yes
     TINYSDP:                                  yes
     TINYBFCP:                                 yes
     TINYSIGCOMP:                              yes
     TINYMEDIA:                                yes
     TINYXCAP:                                 yes
     TINYSMS:                                  yes
     TINYMSRP:                                 yes
     TINYRTP:                                  yes
     TINYIPSEC:                                yes

FFMPEG

    AVCODEC:                                   yes
    AVFILTER                                   yes
    AVFORMAT                                   yes
    AVUTIL                                     yes
    SWRESAMPLE                                 yes
    SWSCAL                                     yes



Report issues at https://groups.google.com/group/opentelepresence

-------------------------------------------------------------------------
Next steps
  1) run 'make' to build the source
  2) run 'make install' to install binaries
  3) run 'make samples' to install sample files (required at least once)
-------------------------------------------------------------------------



## ---------------- ##
## Cache variables. ##
## ---------------- ##

ac_cv_c_compiler_gnu=yes
ac_cv_cxx_compiler_gnu=yes
ac_cv_env_CCC_set=
ac_cv_env_CCC_value=
ac_cv_env_CC_set=
ac_cv_env_CC_value=
ac_cv_env_CFLAGS_set=
ac_cv_env_CFLAGS_value=
ac_cv_env_CPPFLAGS_set=
ac_cv_env_CPPFLAGS_value=
ac_cv_env_CPP_set=
ac_cv_env_CPP_value=
ac_cv_env_CXXCPP_set=
ac_cv_env_CXXCPP_value=
ac_cv_env_CXXFLAGS_set=
ac_cv_env_CXXFLAGS_value=
ac_cv_env_CXX_set=
ac_cv_env_CXX_value=
ac_cv_env_LDFLAGS_set=
ac_cv_env_LDFLAGS_value=
ac_cv_env_LIBAVCODEC_CFLAGS_set=
ac_cv_env_LIBAVCODEC_CFLAGS_value=
ac_cv_env_LIBAVCODEC_LIBS_set=
ac_cv_env_LIBAVCODEC_LIBS_value=
ac_cv_env_LIBAVFILTER_CFLAGS_set=
ac_cv_env_LIBAVFILTER_CFLAGS_value=
ac_cv_env_LIBAVFILTER_LIBS_set=
ac_cv_env_LIBAVFILTER_LIBS_value=
ac_cv_env_LIBAVFORMAT_CFLAGS_set=
ac_cv_env_LIBAVFORMAT_CFLAGS_value=
ac_cv_env_LIBAVFORMAT_LIBS_set=
ac_cv_env_LIBAVFORMAT_LIBS_value=
ac_cv_env_LIBAVUTIL_CFLAGS_set=
ac_cv_env_LIBAVUTIL_CFLAGS_value=
ac_cv_env_LIBAVUTIL_LIBS_set=
ac_cv_env_LIBAVUTIL_LIBS_value=
ac_cv_env_LIBSWRESAMPLE_CFLAGS_set=
ac_cv_env_LIBSWRESAMPLE_CFLAGS_value=
ac_cv_env_LIBSWRESAMPLE_LIBS_set=
ac_cv_env_LIBSWRESAMPLE_LIBS_value=
ac_cv_env_LIBSWSCAL_CFLAGS_set=
ac_cv_env_LIBSWSCAL_CFLAGS_value=
ac_cv_env_LIBSWSCAL_LIBS_set=
ac_cv_env_LIBSWSCAL_LIBS_value=
ac_cv_env_LIBS_set=
ac_cv_env_LIBS_value=
ac_cv_env_OPENAL_CFLAGS_set=
ac_cv_env_OPENAL_CFLAGS_value=
ac_cv_env_OPENAL_LIBS_set=
ac_cv_env_OPENAL_LIBS_value=
ac_cv_env_PKG_CONFIG_LIBDIR_set=
ac_cv_env_PKG_CONFIG_LIBDIR_value=
ac_cv_env_PKG_CONFIG_PATH_set=
ac_cv_env_PKG_CONFIG_PATH_value=
ac_cv_env_PKG_CONFIG_set=
ac_cv_env_PKG_CONFIG_value=
ac_cv_env_TINYBFCP_CFLAGS_set=
ac_cv_env_TINYBFCP_CFLAGS_value=
ac_cv_env_TINYBFCP_LIBS_set=
ac_cv_env_TINYBFCP_LIBS_value=
ac_cv_env_TINYDAV_CFLAGS_set=
ac_cv_env_TINYDAV_CFLAGS_value=
ac_cv_env_TINYDAV_LIBS_set=
ac_cv_env_TINYDAV_LIBS_value=
ac_cv_env_TINYHTTP_CFLAGS_set=
ac_cv_env_TINYHTTP_CFLAGS_value=
ac_cv_env_TINYHTTP_LIBS_set=
ac_cv_env_TINYHTTP_LIBS_value=
ac_cv_env_TINYIPSEC_CFLAGS_set=
ac_cv_env_TINYIPSEC_CFLAGS_value=
ac_cv_env_TINYIPSEC_LIBS_set=
ac_cv_env_TINYIPSEC_LIBS_value=
ac_cv_env_TINYMEDIA_CFLAGS_set=
ac_cv_env_TINYMEDIA_CFLAGS_value=
ac_cv_env_TINYMEDIA_LIBS_set=
ac_cv_env_TINYMEDIA_LIBS_value=
ac_cv_env_TINYMSRP_CFLAGS_set=
ac_cv_env_TINYMSRP_CFLAGS_value=
ac_cv_env_TINYMSRP_LIBS_set=
ac_cv_env_TINYMSRP_LIBS_value=
ac_cv_env_TINYNET_CFLAGS_set=
ac_cv_env_TINYNET_CFLAGS_value=
ac_cv_env_TINYNET_LIBS_set=
ac_cv_env_TINYNET_LIBS_value=
ac_cv_env_TINYRTP_CFLAGS_set=
ac_cv_env_TINYRTP_CFLAGS_value=
ac_cv_env_TINYRTP_LIBS_set=
ac_cv_env_TINYRTP_LIBS_value=
ac_cv_env_TINYSAK_CFLAGS_set=
ac_cv_env_TINYSAK_CFLAGS_value=
ac_cv_env_TINYSAK_LIBS_set=
ac_cv_env_TINYSAK_LIBS_value=
ac_cv_env_TINYSDP_CFLAGS_set=
ac_cv_env_TINYSDP_CFLAGS_value=
ac_cv_env_TINYSDP_LIBS_set=
ac_cv_env_TINYSDP_LIBS_value=
ac_cv_env_TINYSIGCOMP_CFLAGS_set=
ac_cv_env_TINYSIGCOMP_CFLAGS_value=
ac_cv_env_TINYSIGCOMP_LIBS_set=
ac_cv_env_TINYSIGCOMP_LIBS_value=
ac_cv_env_TINYSIP_CFLAGS_set=
ac_cv_env_TINYSIP_CFLAGS_value=
ac_cv_env_TINYSIP_LIBS_set=
ac_cv_env_TINYSIP_LIBS_value=
ac_cv_env_TINYSMS_CFLAGS_set=
ac_cv_env_TINYSMS_CFLAGS_value=
ac_cv_env_TINYSMS_LIBS_set=
ac_cv_env_TINYSMS_LIBS_value=
ac_cv_env_TINYXCAP_CFLAGS_set=
ac_cv_env_TINYXCAP_CFLAGS_value=
ac_cv_env_TINYXCAP_LIBS_set=
ac_cv_env_TINYXCAP_LIBS_value=
ac_cv_env_build_alias_set=
ac_cv_env_build_alias_value=
ac_cv_env_host_alias_set=
ac_cv_env_host_alias_value=
ac_cv_env_target_alias_set=
ac_cv_env_target_alias_value=
ac_cv_func_execl=yes
ac_cv_func_fork=yes
ac_cv_func_pclose=yes
ac_cv_func_popen=yes
ac_cv_func_posix_spawn=yes
ac_cv_func_setpgid=yes
ac_cv_func_vfork=yes
ac_cv_func_waitpid=yes
ac_cv_header_com_sun_star_bridge_XUnoUrlResolver_hpp=yes
ac_cv_header_errno_h=yes
ac_cv_header_inttypes_h=yes
ac_cv_header_memory_h=yes
ac_cv_header_spawn_h=yes
ac_cv_header_stdc=yes
ac_cv_header_stdint_h=yes
ac_cv_header_stdlib_h=yes
ac_cv_header_string_h=yes
ac_cv_header_strings_h=yes
ac_cv_header_sys_stat_h=yes
ac_cv_header_sys_types_h=yes
ac_cv_header_sys_wait_h=yes
ac_cv_header_unistd_h=yes
ac_cv_lib_c_dlopen=no
ac_cv_lib_dl_dlopen=yes
ac_cv_lib_uno_sal_osl_getProcessWorkingDir=yes
ac_cv_objext=o
ac_cv_path_EGREP='/bin/grep -E'
ac_cv_path_GREP=/bin/grep
ac_cv_path_SED=/bin/sed
ac_cv_path_ac_pt_PKG_CONFIG=/usr/bin/pkg-config
ac_cv_path_install='/usr/bin/install -c'
ac_cv_path_mkdir=/bin/mkdir
ac_cv_prog_AWK=gawk
ac_cv_prog_CPP='gcc -E'
ac_cv_prog_CXXCPP='g++ -E'
ac_cv_prog_ac_ct_CC=gcc
ac_cv_prog_ac_ct_CXX=g++
ac_cv_prog_cc_c89=
ac_cv_prog_cc_g=yes
ac_cv_prog_cxx_g=yes
ac_cv_prog_make_make_set=yes
am_cv_CC_dependencies_compiler_type=gcc3
am_cv_CXX_dependencies_compiler_type=gcc3
am_cv_make_support_nested_variables=yes
am_cv_prog_cc_c_o=yes
pkg_cv_LIBAVCODEC_CFLAGS='-I/usr/local/include  '
pkg_cv_LIBAVCODEC_LIBS='-L/usr/local/lib -lavcodec  '
pkg_cv_LIBAVFILTER_CFLAGS='-I/usr/local/include  '
pkg_cv_LIBAVFILTER_LIBS='-L/usr/local/lib -lavfilter  '
pkg_cv_LIBAVFORMAT_CFLAGS='-I/usr/local/include  '
pkg_cv_LIBAVFORMAT_LIBS='-L/usr/local/lib -lavformat  '
pkg_cv_LIBAVUTIL_CFLAGS='-I/usr/local/include  '
pkg_cv_LIBAVUTIL_LIBS='-L/usr/local/lib -lavutil  '
pkg_cv_LIBSWRESAMPLE_CFLAGS='-I/usr/local/include  '
pkg_cv_LIBSWRESAMPLE_LIBS='-L/usr/local/lib -lswresample  '
pkg_cv_LIBSWSCAL_CFLAGS='-I/usr/local/include  '
pkg_cv_LIBSWSCAL_LIBS='-L/usr/local/lib -lswscale  '
pkg_cv_OPENAL_CFLAGS='-I/usr/local/include -I/usr/local/include/AL  '
pkg_cv_OPENAL_LIBS='-L/usr/local/lib -lopenal  '
pkg_cv_TINYBFCP_CFLAGS='-I/usr/local/include/tinybfcp -I/usr/local/include/tinysak -I/usr/local/include/tinynet  '
pkg_cv_TINYBFCP_LIBS='-L/usr/local/lib -ltinyBFCP  '
pkg_cv_TINYDAV_CFLAGS='-I/usr/local/include/tinydav -I/usr/local/include/tinysak -I/usr/local/include/tinynet -I/usr/local/include/tinysdp -I/usr/local/include/tinybfcp -I/usr/local/include/tinyrtp -I/usr/local/include/tinymedia -I/usr/local/include/tinymsrp -I/usr/local/include/tinyhttp  '
pkg_cv_TINYDAV_LIBS='-L/usr/local/lib -ltinyDAV  '
pkg_cv_TINYHTTP_CFLAGS='-I/usr/local/include/tinyhttp -I/usr/local/include/tinysak -I/usr/local/include/tinynet  '
pkg_cv_TINYHTTP_LIBS='-L/usr/local/lib -ltinyHTTP  '
pkg_cv_TINYIPSEC_CFLAGS='-I/usr/local/include/tinyipsec -I/usr/local/include/tinysak  '
pkg_cv_TINYIPSEC_LIBS='-L/usr/local/lib -ltinyIPSec  '
pkg_cv_TINYMEDIA_CFLAGS='-I/usr/local/include/tinymedia -I/usr/local/include/tinysak -I/usr/local/include/tinynet -I/usr/local/include/tinysdp  '
pkg_cv_TINYMEDIA_LIBS='-L/usr/local/lib -ltinyMEDIA  '
pkg_cv_TINYMSRP_CFLAGS='-I/usr/local/include/tinymsrp -I/usr/local/include/tinysak -I/usr/local/include/tinynet -I/usr/local/include/tinysdp -I/usr/local/include/tinyhttp  '
pkg_cv_TINYMSRP_LIBS='-L/usr/local/lib -ltinyMSRP  '
pkg_cv_TINYNET_CFLAGS='-I/usr/local/include/tinynet -I/usr/local/include/tinysak  '
pkg_cv_TINYNET_LIBS='-L/usr/local/lib -ltinyNET  '
pkg_cv_TINYRTP_CFLAGS='-I/usr/local/include/tinyrtp -I/usr/local/include/tinysak -I/usr/local/include/tinynet -I/usr/local/include/tinymedia -I/usr/local/include/tinysdp  '
pkg_cv_TINYRTP_LIBS='-L/usr/local/lib -ltinyRTP  '
pkg_cv_TINYSAK_CFLAGS='-I/usr/local/include/tinysak  '
pkg_cv_TINYSAK_LIBS='-L/usr/local/lib -ltinySAK  '
pkg_cv_TINYSDP_CFLAGS='-I/usr/local/include/tinysdp -I/usr/local/include/tinysak  '
pkg_cv_TINYSDP_LIBS='-L/usr/local/lib -ltinySDP  '
pkg_cv_TINYSIGCOMP_CFLAGS='-I/usr/local/include/tinysigcomp -I/usr/local/include/tinysak  '
pkg_cv_TINYSIGCOMP_LIBS='-L/usr/local/lib -ltinySIGCOMP  '
pkg_cv_TINYSIP_CFLAGS='-I/usr/local/include/tinysip -I/usr/local/include/tinysak -I/usr/local/include/tinynet -I/usr/local/include/tinyhttp -I/usr/local/include/tinyipsec -I/usr/local/include/tinysdp -I/usr/local/include/tinymedia -I/usr/local/include/tinysigcomp  '
pkg_cv_TINYSIP_LIBS='-L/usr/local/lib -ltinySIP  '
pkg_cv_TINYSMS_CFLAGS='-I/usr/local/include/tinysms -I/usr/local/include/tinysak  '
pkg_cv_TINYSMS_LIBS='-L/usr/local/lib -ltinySMS  '
pkg_cv_TINYXCAP_CFLAGS='-I/usr/local/include/tinyxcap -I/usr/local/include/tinysak -I/usr/local/include/tinynet -I/usr/local/include/tinyhttp  '
pkg_cv_TINYXCAP_LIBS='-L/usr/local/lib -ltinyXCAP  '

## ----------------- ##
## Output variables. ##
## ----------------- ##

ACLOCAL='${SHELL} /home/demola/tmp/teleprescence/missing aclocal-1.14'
AMDEPBACKSLASH='\'
AMDEP_FALSE='#'
AMDEP_TRUE=''
AMTAR='$${TAR-tar}'
AM_BACKSLASH='\'
AM_DEFAULT_V='$(AM_DEFAULT_VERBOSITY)'
AM_DEFAULT_VERBOSITY='1'
AM_V='$(V)'
AUTOCONF='${SHELL} /home/demola/tmp/teleprescence/missing autoconf'
AUTOHEADER='${SHELL} /home/demola/tmp/teleprescence/missing autoheader'
AUTOMAKE='${SHELL} /home/demola/tmp/teleprescence/missing automake-1.14'
AWK='gawk'
CC='gcc'
CCDEPMODE='depmode=gcc3'
CFLAGS='-g -O2'
CPP='gcc -E'
CPPFLAGS=''
CXX='g++'
CXXCPP='g++ -E'
CXXDEPMODE='depmode=gcc3'
CXXFLAGS='-g -O2'
CYGPATH_W='echo'
DEFS='-DHAVE_CONFIG_H'
DEPDIR='.deps'
DOUBANGO_INCLUDES_PATH=''
DOUBANGO_LIBS_FALLBACK=''
DOUBANGO_MINVER='2.0.1089'
ECHO_C=''
ECHO_N='-n'
ECHO_T=''
EGREP='/bin/grep -E'
EXEEXT=''
FFMPEG_INCLUDES_FALLBACK=''
FFMPEG_LIBS_FALLBACK=''
GREP='/bin/grep'
INSTALL_DATA='${INSTALL} -m 644'
INSTALL_PROGRAM='${INSTALL}'
INSTALL_SCRIPT='${INSTALL}'
INSTALL_STRIP_PROGRAM='$(install_sh) -c -s'
LDFLAGS='-L/opt/openoffice4/sdk/lib '
LIBAVCODEC_CFLAGS='-I/usr/local/include  '
LIBAVCODEC_LIBS='-L/usr/local/lib -lavcodec  '
LIBAVCODEC_MINVER='54.92.100'
LIBAVFILTER_CFLAGS='-I/usr/local/include  '
LIBAVFILTER_LIBS='-L/usr/local/lib -lavfilter  '
LIBAVFILTER_MINVER='3.42.103'
LIBAVFORMAT_CFLAGS='-I/usr/local/include  '
LIBAVFORMAT_LIBS='-L/usr/local/lib -lavformat  '
LIBAVFORMAT_MINVER='54.63.104'
LIBAVUTIL_CFLAGS='-I/usr/local/include  '
LIBAVUTIL_LIBS='-L/usr/local/lib -lavutil  '
LIBAVUTIL_MINVER='52.18.100'
LIBDL='-ldl'
LIBOBJS=''
LIBOPENOFFICE_LIBADD=''
LIBS=''
LIBSWRESAMPLE_CFLAGS='-I/usr/local/include  '
LIBSWRESAMPLE_LIBS='-L/usr/local/lib -lswresample  '
LIBSWRESAMPLE_MINVER='0.17.102'
LIBSWSCAL_CFLAGS='-I/usr/local/include  '
LIBSWSCAL_LIBS='-L/usr/local/lib -lswscale  '
LIBSWSCAL_MINVER='2.2.100'
LTLIBOBJS=''
MAKEINFO='${SHELL} /home/demola/tmp/teleprescence/missing makeinfo'
MKDIR_P='/bin/mkdir -p'
OBJEXT='o'
OPENAL_CFLAGS='-I/usr/local/include -I/usr/local/include/AL  '
OPENAL_INCLUDES_FALLBACK=''
OPENAL_LIBS='-L/usr/local/lib -lopenal  '
OPENAL_LIBS_FALLBACK=''
OPENAL_MINVER='1.15.1'
OPENOFFICE_ROOT='/opt/openoffice4'
PACKAGE='telepresence'
PACKAGE_BUGREPORT='opentelepresence(at)googlegroups(dot)com'
PACKAGE_NAME='telepresence'
PACKAGE_STRING='telepresence 2.1'
PACKAGE_TARNAME='telepresence'
PACKAGE_URL=''
PACKAGE_VERSION='2.1'
PATH_SEPARATOR=':'
PKG_CONFIG='/usr/bin/pkg-config'
PKG_CONFIG_LIBDIR=''
PKG_CONFIG_PATH=''
SED='/bin/sed'
SET_MAKE=''
SHELL='/bin/bash'
STRIP=''
TINYBFCP_CFLAGS='-I/usr/local/include/tinybfcp -I/usr/local/include/tinysak -I/usr/local/include/tinynet  '
TINYBFCP_LIBS='-L/usr/local/lib -ltinyBFCP  '
TINYDAV_CFLAGS='-I/usr/local/include/tinydav -I/usr/local/include/tinysak -I/usr/local/include/tinynet -I/usr/local/include/tinysdp -I/usr/local/include/tinybfcp -I/usr/local/include/tinyrtp -I/usr/local/include/tinymedia -I/usr/local/include/tinymsrp -I/usr/local/include/tinyhttp  '
TINYDAV_LIBS='-L/usr/local/lib -ltinyDAV  '
TINYHTTP_CFLAGS='-I/usr/local/include/tinyhttp -I/usr/local/include/tinysak -I/usr/local/include/tinynet  '
TINYHTTP_LIBS='-L/usr/local/lib -ltinyHTTP  '
TINYIPSEC_CFLAGS='-I/usr/local/include/tinyipsec -I/usr/local/include/tinysak  '
TINYIPSEC_LIBS='-L/usr/local/lib -ltinyIPSec  '
TINYMEDIA_CFLAGS='-I/usr/local/include/tinymedia -I/usr/local/include/tinysak -I/usr/local/include/tinynet -I/usr/local/include/tinysdp  '
TINYMEDIA_LIBS='-L/usr/local/lib -ltinyMEDIA  '
TINYMSRP_CFLAGS='-I/usr/local/include/tinymsrp -I/usr/local/include/tinysak -I/usr/local/include/tinynet -I/usr/local/include/tinysdp -I/usr/local/include/tinyhttp  '
TINYMSRP_LIBS='-L/usr/local/lib -ltinyMSRP  '
TINYNET_CFLAGS='-I/usr/local/include/tinynet -I/usr/local/include/tinysak  '
TINYNET_LIBS='-L/usr/local/lib -ltinyNET  '
TINYRTP_CFLAGS='-I/usr/local/include/tinyrtp -I/usr/local/include/tinysak -I/usr/local/include/tinynet -I/usr/local/include/tinymedia -I/usr/local/include/tinysdp  '
TINYRTP_LIBS='-L/usr/local/lib -ltinyRTP  '
TINYSAK_CFLAGS='-I/usr/local/include/tinysak  '
TINYSAK_LIBS='-L/usr/local/lib -ltinySAK  '
TINYSDP_CFLAGS='-I/usr/local/include/tinysdp -I/usr/local/include/tinysak  '
TINYSDP_LIBS='-L/usr/local/lib -ltinySDP  '
TINYSIGCOMP_CFLAGS='-I/usr/local/include/tinysigcomp -I/usr/local/include/tinysak  '
TINYSIGCOMP_LIBS='-L/usr/local/lib -ltinySIGCOMP  '
TINYSIP_CFLAGS='-I/usr/local/include/tinysip -I/usr/local/include/tinysak -I/usr/local/include/tinynet -I/usr/local/include/tinyhttp -I/usr/local/include/tinyipsec -I/usr/local/include/tinysdp -I/usr/local/include/tinymedia -I/usr/local/include/tinysigcomp  '
TINYSIP_LIBS='-L/usr/local/lib -ltinySIP  '
TINYSMS_CFLAGS='-I/usr/local/include/tinysms -I/usr/local/include/tinysak  '
TINYSMS_LIBS='-L/usr/local/lib -ltinySMS  '
TINYXCAP_CFLAGS='-I/usr/local/include/tinyxcap -I/usr/local/include/tinysak -I/usr/local/include/tinynet -I/usr/local/include/tinyhttp  '
TINYXCAP_LIBS='-L/usr/local/lib -ltinyXCAP  '
USE_OPENOFFICE_FALSE='#'
USE_OPENOFFICE_TRUE=''
VERSION='2.1'
ac_ct_CC='gcc'
ac_ct_CXX='g++'
am__EXEEXT_FALSE=''
am__EXEEXT_TRUE='#'
am__fastdepCC_FALSE='#'
am__fastdepCC_TRUE=''
am__fastdepCXX_FALSE='#'
am__fastdepCXX_TRUE=''
am__include='include'
am__isrc=''
am__leading_dot='.'
am__nodep='_no'
am__quote=''
am__tar='$${TAR-tar} chof - "$$tardir"'
am__untar='$${TAR-tar} xf -'
bindir='${exec_prefix}/bin'
build_alias=''
datadir='${datarootdir}'
datarootdir='${prefix}/share'
docdir='${datarootdir}/doc/${PACKAGE_TARNAME}'
dvidir='${docdir}'
exec_prefix='${prefix}'
have_libavcodec='yes'
have_libavfilter='yes'
have_libavformat='yes'
have_libavutil='yes'
have_libswresample='yes'
have_libswscale='yes'
have_openal='yes'
have_tinybfcp='yes'
have_tinydav='yes'
have_tinyhttp='yes'
have_tinyipsec='yes'
have_tinymedia='yes'
have_tinymsrp='yes'
have_tinynet='yes'
have_tinyrtp='yes'
have_tinysak='yes'
have_tinysdp='yes'
have_tinysigcomp='yes'
have_tinysip='yes'
have_tinysms='yes'
have_tinyxcap='yes'
host_alias=''
htmldir='${docdir}'
includedir='${prefix}/include'
infodir='${datarootdir}/info'
install_sh='${SHELL} /home/demola/tmp/teleprescence/install-sh'
libdir='${exec_prefix}/lib'
libexecdir='${exec_prefix}/libexec'
localedir='${datarootdir}/locale'
localstatedir='${prefix}/var'
mandir='${datarootdir}/man'
mkdir_p='$(MKDIR_P)'
oldincludedir='/usr/include'
pdfdir='${docdir}'
prefix='/home/demola/tp_inst'
program_transform_name='s,x,x,'
psdir='${docdir}'
sbindir='${exec_prefix}/sbin'
sharedstatedir='${prefix}/com'
sysconfdir='${prefix}/etc'
target_alias=''

## ----------- ##
## confdefs.h. ##
## ----------- ##

/* confdefs.h */
#define PACKAGE_NAME "telepresence"
#define PACKAGE_TARNAME "telepresence"
#define PACKAGE_VERSION "2.1"
#define PACKAGE_STRING "telepresence 2.1"
#define PACKAGE_BUGREPORT "opentelepresence(at)googlegroups(dot)com"
#define PACKAGE_URL ""
#define PACKAGE "telepresence"
#define VERSION "2.1"
#define STDC_HEADERS 1
#define HAVE_SYS_TYPES_H 1
#define HAVE_SYS_STAT_H 1
#define HAVE_STDLIB_H 1
#define HAVE_STRING_H 1
#define HAVE_MEMORY_H 1
#define HAVE_STRINGS_H 1
#define HAVE_INTTYPES_H 1
#define HAVE_STDINT_H 1
#define HAVE_UNISTD_H 1
#define HAVE_UNISTD_H 1
#define HAVE_SPAWN_H 1
#define HAVE_SYS_WAIT_H 1
#define HAVE_ERRNO_H 1
#define HAVE_FORK 1
#define HAVE_VFORK 1
#define HAVE_EXECL 1
#define HAVE_POSIX_SPAWN 1
#define HAVE_WAITPID 1
#define HAVE_SETPGID 1
#define HAVE_POPEN 1
#define HAVE_PCLOSE 1
#define HAVE_FFMPEG 1
#define HAVE_OPENAL 1
#define HAVE_COM_SUN_STAR_BRIDGE_XUNOURLRESOLVER_HPP 1
#define HAVE_OPENOFFICE 1

configure: exit 0
